<?xml version="1.0" encoding="utf-8"?><testsuites name="pytest tests"><testsuite name="pytest" errors="0" failures="0" skipped="0" tests="4" time="1.152" timestamp="2026-05-15T13:44:33.489521+00:00" hostname="agent-env-e877d312-148d-4495-84dd-c355d6697a75"><testcase classname="test_contact_api" name="test_root" time="0.335" /><testcase classname="test_contact_api" name="test_create_contact_and_persist" time="0.317" /><testcase classname="test_contact_api" name="test_create_contact_invalid_email" time="0.197" /><testcase classname="test_contact_api" name="test_create_contact_missing_field" time="0.141" /></testsuite></testsuites>